Not Found: /
Not Found: //static/css/styles.css
Not Found: //static/js/scripts.js
Not Found: //static/js/scripts.js
Not Found: //static/js/scripts.js
Not Found: //static/css/styles.css
Not Found: //static/js/scripts.js
Not Found: //static/js/scripts.js
Not Found: //static/js/scripts.js
Not Found: //static/js/scripts.js
Not Found: /static/admin/css/base.css
Not Found: /static/admin/css/nav_sidebar.css
Not Found: /static/admin/js/nav_sidebar.js
Not Found: /static/admin/css/dark_mode.css
Not Found: /static/admin/css/dashboard.css
Not Found: /static/admin/css/responsive.css
Not Found: /static/admin/js/nav_sidebar.js
Not Found: /static/admin/css/responsive.css
Not Found: /static/admin/css/dashboard.css
Not Found: /static/admin/css/base.css
Not Found: /static/admin/css/nav_sidebar.css
Not Found: /static/admin/css/dark_mode.css
Not Found: /static/admin/css/base.css
Not Found: /static/admin/css/nav_sidebar.css
Not Found: /static/admin/css/dark_mode.css
Not Found: /static/admin/js/nav_sidebar.js
Not Found: /static/admin/css/login.css
Not Found: /static/admin/css/responsive.css
Not Found: /favicon.ico
Not Found: //static/css/styles.css
Not Found: //static/js/scripts.js
Not Found: //static/js/scripts.js
Not Found: //static/css/styles.css
Not Found: /static/css/styles.css
